2023-03-02 08:33:02 [main] INFO  auth.rest.RestApplication - Starting RestApplication using Java 17.0.6 on mtza with PID 16852 (C:\Users\mtza\OneDrive - Software Mind sp. z o.o\rest\target\classes started by mtza in C:\Users\mtza\OneDrive - Software Mind sp. z o.o\rest)
2023-03-02 08:33:02 [main] DEBUG auth.rest.RestApplication - Running with Spring Boot v2.7.9, Spring v5.3.25
2023-03-02 08:33:02 [main] INFO  auth.rest.RestApplication - No active profile set, falling back to 1 default profile: "default"
2023-03-02 08:33:04 [main] DEBUG auth.rest.config.LoggerFilter - Filter 'loggerFilter' configured for use
2023-03-02 08:33:06 [main] INFO  a.rest.config.AuthenticationConfig - AuthenitcationProvider
2023-03-02 08:33:06 [main] INFO  a.rest.config.AuthenticationConfig - UserDetailsService
2023-03-02 08:33:06 [main] INFO  auth.rest.config.SecurityConfig - Security filter chain
2023-03-02 08:33:06 [main] INFO  auth.rest.RestApplication - Started RestApplication in 4.609 seconds (JVM running for 5.562)
2023-03-02 08:34:53 [http-nio-8080-exec-1] INFO  auth.rest.config.LoggerFilter - doFilterInternal
2023-03-02 08:34:53 [http-nio-8080-exec-1] INFO  auth.rest.config.LoggerFilter - Received request from: unknown
2023-03-02 08:34:53 [http-nio-8080-exec-1] INFO  auth.rest.config.LoggerFilter - Method: GET
2023-03-02 08:34:53 [http-nio-8080-exec-1] INFO  auth.rest.config.LoggerFilter - URL: http://localhost:8080/user/user
2023-03-02 08:34:53 [http-nio-8080-exec-1] INFO  auth.rest.config.LoggerFilter - Headers: org.springframework.security.web.firewall.StrictHttpFirewall$StrictFirewalledRequest$2@4c467d38
2023-03-02 08:34:53 [http-nio-8080-exec-1] INFO  auth.rest.config.LoggerFilter - Responded with status: 302
2023-03-02 08:34:53 [http-nio-8080-exec-1] INFO  auth.rest.config.LoggerFilter - Headers: [Set-Cookie, X-Content-Type-Options, X-XSS-Protection, Cache-Control, Pragma, Expires, X-Frame-Options, Location]
2023-03-02 08:34:53 [http-nio-8080-exec-2] INFO  auth.rest.config.LoggerFilter - doFilterInternal
2023-03-02 08:34:53 [http-nio-8080-exec-2] INFO  auth.rest.config.LoggerFilter - Received request from: unknown
2023-03-02 08:34:53 [http-nio-8080-exec-2] INFO  auth.rest.config.LoggerFilter - Method: GET
2023-03-02 08:34:53 [http-nio-8080-exec-2] INFO  auth.rest.config.LoggerFilter - URL: http://localhost:8080/login
2023-03-02 08:34:53 [http-nio-8080-exec-2] INFO  auth.rest.config.LoggerFilter - Headers: org.springframework.security.web.firewall.StrictHttpFirewall$StrictFirewalledRequest$2@74ebade2
2023-03-02 08:34:53 [http-nio-8080-exec-2] INFO  auth.rest.config.LoggerFilter - Responded with status: 200
2023-03-02 08:34:53 [http-nio-8080-exec-2] INFO  auth.rest.config.LoggerFilter - Headers: [X-Content-Type-Options, X-XSS-Protection, Cache-Control, Pragma, Expires, X-Frame-Options]
2023-03-02 08:34:56 [http-nio-8080-exec-3] INFO  auth.rest.config.LoggerFilter - doFilterInternal
2023-03-02 08:34:56 [http-nio-8080-exec-3] INFO  auth.rest.config.LoggerFilter - Received request from: unknown
2023-03-02 08:34:56 [http-nio-8080-exec-3] INFO  auth.rest.config.LoggerFilter - Method: GET
2023-03-02 08:34:56 [http-nio-8080-exec-3] INFO  auth.rest.config.LoggerFilter - URL: http://localhost:8080/user/dto
2023-03-02 08:34:56 [http-nio-8080-exec-3] INFO  auth.rest.config.LoggerFilter - Headers: org.springframework.security.web.firewall.StrictHttpFirewall$StrictFirewalledRequest$2@386eb925
2023-03-02 08:34:56 [http-nio-8080-exec-3] INFO  auth.rest.config.LoggerFilter - Responded with status: 302
2023-03-02 08:34:56 [http-nio-8080-exec-3] INFO  auth.rest.config.LoggerFilter - Headers: [X-Content-Type-Options, X-XSS-Protection, Cache-Control, Pragma, Expires, X-Frame-Options, Location]
2023-03-02 08:34:56 [http-nio-8080-exec-4] INFO  auth.rest.config.LoggerFilter - doFilterInternal
2023-03-02 08:34:56 [http-nio-8080-exec-4] INFO  auth.rest.config.LoggerFilter - Received request from: unknown
2023-03-02 08:34:56 [http-nio-8080-exec-4] INFO  auth.rest.config.LoggerFilter - Method: GET
2023-03-02 08:34:56 [http-nio-8080-exec-4] INFO  auth.rest.config.LoggerFilter - URL: http://localhost:8080/login
2023-03-02 08:34:56 [http-nio-8080-exec-4] INFO  auth.rest.config.LoggerFilter - Headers: org.springframework.security.web.firewall.StrictHttpFirewall$StrictFirewalledRequest$2@6be86fc2
2023-03-02 08:34:56 [http-nio-8080-exec-4] INFO  auth.rest.config.LoggerFilter - Responded with status: 200
2023-03-02 08:34:56 [http-nio-8080-exec-4] INFO  auth.rest.config.LoggerFilter - Headers: [X-Content-Type-Options, X-XSS-Protection, Cache-Control, Pragma, Expires, X-Frame-Options]
2023-03-02 08:34:56 [http-nio-8080-exec-5] INFO  auth.rest.config.LoggerFilter - doFilterInternal
2023-03-02 08:34:56 [http-nio-8080-exec-5] INFO  auth.rest.config.LoggerFilter - Received request from: unknown
2023-03-02 08:34:56 [http-nio-8080-exec-5] INFO  auth.rest.config.LoggerFilter - Method: GET
2023-03-02 08:34:56 [http-nio-8080-exec-5] INFO  auth.rest.config.LoggerFilter - URL: http://localhost:8080/favicon.ico
2023-03-02 08:34:56 [http-nio-8080-exec-5] INFO  auth.rest.config.LoggerFilter - Headers: org.springframework.security.web.firewall.StrictHttpFirewall$StrictFirewalledRequest$2@3639c58f
2023-03-02 08:34:56 [http-nio-8080-exec-5] INFO  auth.rest.config.LoggerFilter - Responded with status: 302
2023-03-02 08:34:56 [http-nio-8080-exec-5] INFO  auth.rest.config.LoggerFilter - Headers: [X-Content-Type-Options, X-XSS-Protection, Cache-Control, Pragma, Expires, X-Frame-Options, Location]
2023-03-02 08:34:56 [http-nio-8080-exec-6] INFO  auth.rest.config.LoggerFilter - doFilterInternal
2023-03-02 08:34:56 [http-nio-8080-exec-6] INFO  auth.rest.config.LoggerFilter - Received request from: unknown
2023-03-02 08:34:56 [http-nio-8080-exec-6] INFO  auth.rest.config.LoggerFilter - Method: GET
2023-03-02 08:34:56 [http-nio-8080-exec-6] INFO  auth.rest.config.LoggerFilter - URL: http://localhost:8080/login
2023-03-02 08:34:56 [http-nio-8080-exec-6] INFO  auth.rest.config.LoggerFilter - Headers: org.springframework.security.web.firewall.StrictHttpFirewall$StrictFirewalledRequest$2@762ae7e4
2023-03-02 08:34:56 [http-nio-8080-exec-6] INFO  auth.rest.config.LoggerFilter - Responded with status: 200
2023-03-02 08:34:56 [http-nio-8080-exec-6] INFO  auth.rest.config.LoggerFilter - Headers: [X-Content-Type-Options, X-XSS-Protection, Cache-Control, Pragma, Expires, X-Frame-Options]
2023-03-02 08:35:00 [http-nio-8080-exec-7] INFO  auth.rest.config.LoggerFilter - doFilterInternal
2023-03-02 08:35:00 [http-nio-8080-exec-7] INFO  auth.rest.config.LoggerFilter - Received request from: unknown
2023-03-02 08:35:00 [http-nio-8080-exec-7] INFO  auth.rest.config.LoggerFilter - Method: POST
2023-03-02 08:35:00 [http-nio-8080-exec-7] INFO  auth.rest.config.LoggerFilter - URL: http://localhost:8080/login
2023-03-02 08:35:00 [http-nio-8080-exec-7] INFO  auth.rest.config.LoggerFilter - Headers: org.springframework.security.web.firewall.StrictHttpFirewall$StrictFirewalledRequest$2@2735ad2b
2023-03-02 08:35:00 [http-nio-8080-exec-7] INFO  auth.rest.config.LoggerFilter - Responded with status: 302
2023-03-02 08:35:00 [http-nio-8080-exec-7] INFO  auth.rest.config.LoggerFilter - Headers: [Set-Cookie, X-Content-Type-Options, X-XSS-Protection, Cache-Control, Pragma, Expires, X-Frame-Options, Location]
2023-03-02 08:35:00 [http-nio-8080-exec-8] INFO  auth.rest.config.LoggerFilter - doFilterInternal
2023-03-02 08:35:00 [http-nio-8080-exec-8] INFO  auth.rest.config.LoggerFilter - Received request from: mati
2023-03-02 08:35:00 [http-nio-8080-exec-8] INFO  auth.rest.config.LoggerFilter - Method: GET
2023-03-02 08:35:00 [http-nio-8080-exec-8] INFO  auth.rest.config.LoggerFilter - URL: http://localhost:8080/home
2023-03-02 08:35:00 [http-nio-8080-exec-8] INFO  auth.rest.config.LoggerFilter - Headers: org.springframework.security.web.firewall.StrictHttpFirewall$StrictFirewalledRequest$2@6007bbc4
2023-03-02 08:35:00 [http-nio-8080-exec-8] INFO  auth.rest.config.LoggerFilter - Responded with status: 200
2023-03-02 08:35:00 [http-nio-8080-exec-8] INFO  auth.rest.config.LoggerFilter - Headers: [X-Content-Type-Options, X-XSS-Protection, Cache-Control, Pragma, Expires, X-Frame-Options, Content-Type, Content-Length, Date, Keep-Alive, Connection]
2023-03-02 08:35:00 [http-nio-8080-exec-9] INFO  auth.rest.config.LoggerFilter - doFilterInternal
2023-03-02 08:35:00 [http-nio-8080-exec-9] INFO  auth.rest.config.LoggerFilter - Received request from: mati
2023-03-02 08:35:00 [http-nio-8080-exec-9] INFO  auth.rest.config.LoggerFilter - Method: GET
2023-03-02 08:35:00 [http-nio-8080-exec-9] INFO  auth.rest.config.LoggerFilter - URL: http://localhost:8080/favicon.ico
2023-03-02 08:35:00 [http-nio-8080-exec-9] INFO  auth.rest.config.LoggerFilter - Headers: org.springframework.security.web.firewall.StrictHttpFirewall$StrictFirewalledRequest$2@20b879e8
2023-03-02 08:35:00 [http-nio-8080-exec-9] INFO  auth.rest.config.LoggerFilter - Responded with status: 404
2023-03-02 08:35:00 [http-nio-8080-exec-9] INFO  auth.rest.config.LoggerFilter - Headers: [Vary, Vary, Vary, X-Content-Type-Options, X-XSS-Protection, Cache-Control, Pragma, Expires, X-Frame-Options]
2023-03-02 08:35:11 [http-nio-8080-exec-10] INFO  auth.rest.config.LoggerFilter - doFilterInternal
2023-03-02 08:35:11 [http-nio-8080-exec-10] INFO  auth.rest.config.LoggerFilter - Received request from: mati
2023-03-02 08:35:11 [http-nio-8080-exec-10] INFO  auth.rest.config.LoggerFilter - Method: GET
2023-03-02 08:35:11 [http-nio-8080-exec-10] INFO  auth.rest.config.LoggerFilter - URL: http://localhost:8080/home
2023-03-02 08:35:11 [http-nio-8080-exec-10] INFO  auth.rest.config.LoggerFilter - Headers: org.springframework.security.web.firewall.StrictHttpFirewall$StrictFirewalledRequest$2@7f0ffc2a
2023-03-02 08:35:11 [http-nio-8080-exec-10] INFO  auth.rest.config.LoggerFilter - Responded with status: 200
2023-03-02 08:35:11 [http-nio-8080-exec-10] INFO  auth.rest.config.LoggerFilter - Headers: [X-Content-Type-Options, X-XSS-Protection, Cache-Control, Pragma, Expires, X-Frame-Options, Content-Type, Content-Length, Date, Keep-Alive, Connection]
2023-03-02 08:35:47 [http-nio-8080-exec-2] INFO  auth.rest.config.LoggerFilter - doFilterInternal
2023-03-02 08:35:47 [http-nio-8080-exec-2] INFO  auth.rest.config.LoggerFilter - Received request from: unknown
2023-03-02 08:35:47 [http-nio-8080-exec-2] INFO  auth.rest.config.LoggerFilter - Method: GET
2023-03-02 08:35:47 [http-nio-8080-exec-2] INFO  auth.rest.config.LoggerFilter - URL: http://localhost:8080/user/dto
2023-03-02 08:35:47 [http-nio-8080-exec-2] INFO  auth.rest.config.LoggerFilter - Headers: org.springframework.security.web.firewall.StrictHttpFirewall$StrictFirewalledRequest$2@5a81f576
2023-03-02 08:36:09 [main] INFO  auth.rest.RestApplication - Starting RestApplication using Java 17.0.6 on mtza with PID 11396 (C:\Users\mtza\OneDrive - Software Mind sp. z o.o\rest\target\classes started by mtza in C:\Users\mtza\OneDrive - Software Mind sp. z o.o\rest)
2023-03-02 08:36:09 [main] DEBUG auth.rest.RestApplication - Running with Spring Boot v2.7.9, Spring v5.3.25
2023-03-02 08:36:09 [main] INFO  auth.rest.RestApplication - No active profile set, falling back to 1 default profile: "default"
2023-03-02 08:36:10 [main] DEBUG auth.rest.config.LoggerFilter - Filter 'loggerFilter' configured for use
2023-03-02 08:36:11 [main] INFO  a.rest.config.AuthenticationConfig - AuthenitcationProvider
2023-03-02 08:36:11 [main] INFO  a.rest.config.AuthenticationConfig - UserDetailsService
2023-03-02 08:36:11 [main] INFO  auth.rest.config.SecurityConfig - Security filter chain
2023-03-02 08:36:12 [main] INFO  auth.rest.RestApplication - Started RestApplication in 3.354 seconds (JVM running for 3.968)
2023-03-02 08:36:15 [http-nio-8080-exec-1] INFO  auth.rest.config.LoggerFilter - doFilterInternal
2023-03-02 08:36:15 [http-nio-8080-exec-1] INFO  auth.rest.config.LoggerFilter - Received request from: unknown
2023-03-02 08:36:15 [http-nio-8080-exec-1] INFO  auth.rest.config.LoggerFilter - Method: GET
2023-03-02 08:36:15 [http-nio-8080-exec-1] INFO  auth.rest.config.LoggerFilter - URL: http://localhost:8080/user/dto
2023-03-02 08:36:15 [http-nio-8080-exec-1] INFO  auth.rest.config.LoggerFilter - Headers: org.springframework.security.web.firewall.StrictHttpFirewall$StrictFirewalledRequest$2@a880760
2023-03-02 08:36:30 [http-nio-8080-exec-2] INFO  auth.rest.config.LoggerFilter - doFilterInternal
2023-03-02 08:36:30 [http-nio-8080-exec-2] INFO  auth.rest.config.LoggerFilter - Received request from: mati
2023-03-02 08:36:30 [http-nio-8080-exec-2] INFO  auth.rest.config.LoggerFilter - Method: GET
2023-03-02 08:36:30 [http-nio-8080-exec-2] INFO  auth.rest.config.LoggerFilter - URL: http://localhost:8080/user/dtotest
2023-03-02 08:36:30 [http-nio-8080-exec-2] INFO  auth.rest.config.LoggerFilter - Headers: org.springframework.security.web.firewall.StrictHttpFirewall$StrictFirewalledRequest$2@6007bbc4
2023-03-02 08:36:30 [http-nio-8080-exec-2] INFO  auth.rest.config.LoggerFilter - Responded with status: 200
2023-03-02 08:36:30 [http-nio-8080-exec-2] INFO  auth.rest.config.LoggerFilter - Headers: [X-Content-Type-Options, X-XSS-Protection, Cache-Control, Pragma, Expires, X-Frame-Options, Content-Type, Content-Length, Date, Keep-Alive, Connection]
2023-03-02 08:36:52 [http-nio-8080-exec-9] INFO  auth.rest.config.LoggerFilter - doFilterInternal
2023-03-02 08:36:52 [http-nio-8080-exec-9] INFO  auth.rest.config.LoggerFilter - Received request from: mati
2023-03-02 08:36:52 [http-nio-8080-exec-9] INFO  auth.rest.config.LoggerFilter - Method: GET
2023-03-02 08:36:52 [http-nio-8080-exec-9] INFO  auth.rest.config.LoggerFilter - URL: http://localhost:8080/user/dto
2023-03-02 08:36:52 [http-nio-8080-exec-9] INFO  auth.rest.config.LoggerFilter - Headers: org.springframework.security.web.firewall.StrictHttpFirewall$StrictFirewalledRequest$2@57d3ed27
2023-03-02 08:37:17 [http-nio-8080-exec-7] INFO  auth.rest.config.LoggerFilter - doFilterInternal
2023-03-02 08:37:17 [http-nio-8080-exec-7] INFO  auth.rest.config.LoggerFilter - Received request from: mati
2023-03-02 08:37:17 [http-nio-8080-exec-7] INFO  auth.rest.config.LoggerFilter - Method: GET
2023-03-02 08:37:17 [http-nio-8080-exec-7] INFO  auth.rest.config.LoggerFilter - URL: http://localhost:8080/user/dto
2023-03-02 08:37:17 [http-nio-8080-exec-7] INFO  auth.rest.config.LoggerFilter - Headers: org.springframework.security.web.firewall.StrictHttpFirewall$StrictFirewalledRequest$2@15708561
2023-03-02 08:41:36 [main] INFO  auth.rest.RestApplication - Starting RestApplication using Java 17.0.6 on mtza with PID 9720 (C:\Users\mtza\OneDrive - Software Mind sp. z o.o\rest\target\classes started by mtza in C:\Users\mtza\OneDrive - Software Mind sp. z o.o\rest)
2023-03-02 08:41:36 [main] DEBUG auth.rest.RestApplication - Running with Spring Boot v2.7.9, Spring v5.3.25
2023-03-02 08:41:36 [main] INFO  auth.rest.RestApplication - No active profile set, falling back to 1 default profile: "default"
2023-03-02 08:41:37 [main] DEBUG auth.rest.config.LoggerFilter - Filter 'loggerFilter' configured for use
2023-03-02 08:41:39 [main] INFO  a.rest.config.AuthenticationConfig - AuthenitcationProvider
2023-03-02 08:41:39 [main] INFO  a.rest.config.AuthenticationConfig - UserDetailsService
2023-03-02 08:41:39 [main] INFO  auth.rest.config.SecurityConfig - Security filter chain
2023-03-02 08:41:39 [main] INFO  auth.rest.RestApplication - Started RestApplication in 3.117 seconds (JVM running for 3.751)
2023-03-02 08:41:44 [http-nio-8080-exec-1] INFO  auth.rest.config.LoggerFilter - doFilterInternal
2023-03-02 08:41:44 [http-nio-8080-exec-1] INFO  auth.rest.config.LoggerFilter - Received request from: unknown
2023-03-02 08:41:44 [http-nio-8080-exec-1] INFO  auth.rest.config.LoggerFilter - Method: GET
2023-03-02 08:41:44 [http-nio-8080-exec-1] INFO  auth.rest.config.LoggerFilter - URL: http://localhost:8080/user/notest
2023-03-02 08:41:44 [http-nio-8080-exec-1] INFO  auth.rest.config.LoggerFilter - Headers: org.springframework.security.web.firewall.StrictHttpFirewall$StrictFirewalledRequest$2@24f0311
2023-03-02 08:41:50 [http-nio-8080-exec-4] INFO  auth.rest.config.LoggerFilter - doFilterInternal
2023-03-02 08:41:50 [http-nio-8080-exec-4] INFO  auth.rest.config.LoggerFilter - Received request from: mati
2023-03-02 08:41:50 [http-nio-8080-exec-4] INFO  auth.rest.config.LoggerFilter - Method: GET
2023-03-02 08:41:50 [http-nio-8080-exec-4] INFO  auth.rest.config.LoggerFilter - URL: http://localhost:8080/user/dtotest
2023-03-02 08:41:50 [http-nio-8080-exec-4] INFO  auth.rest.config.LoggerFilter - Headers: org.springframework.security.web.firewall.StrictHttpFirewall$StrictFirewalledRequest$2@20b879e8
2023-03-02 08:41:57 [http-nio-8080-exec-6] INFO  auth.rest.config.LoggerFilter - doFilterInternal
2023-03-02 08:41:57 [http-nio-8080-exec-6] INFO  auth.rest.config.LoggerFilter - Received request from: mati
2023-03-02 08:41:57 [http-nio-8080-exec-6] INFO  auth.rest.config.LoggerFilter - Method: GET
2023-03-02 08:41:57 [http-nio-8080-exec-6] INFO  auth.rest.config.LoggerFilter - URL: http://localhost:8080/user/dtotest
2023-03-02 08:41:57 [http-nio-8080-exec-6] INFO  auth.rest.config.LoggerFilter - Headers: org.springframework.security.web.firewall.StrictHttpFirewall$StrictFirewalledRequest$2@76505495
2023-03-02 08:41:57 [http-nio-8080-exec-6] INFO  auth.rest.config.LoggerFilter - Responded with status: 401
2023-03-02 08:41:57 [http-nio-8080-exec-6] INFO  auth.rest.config.LoggerFilter - Headers: [WWW-Authenticate, X-Content-Type-Options, X-XSS-Protection, Cache-Control, Pragma, Expires, X-Frame-Options]
2023-03-02 08:42:00 [http-nio-8080-exec-7] INFO  auth.rest.config.LoggerFilter - doFilterInternal
2023-03-02 08:42:00 [http-nio-8080-exec-7] INFO  auth.rest.config.LoggerFilter - Received request from: unknown
2023-03-02 08:42:00 [http-nio-8080-exec-7] INFO  auth.rest.config.LoggerFilter - Method: GET
2023-03-02 08:42:00 [http-nio-8080-exec-7] INFO  auth.rest.config.LoggerFilter - URL: http://localhost:8080/user/dtotest
2023-03-02 08:42:00 [http-nio-8080-exec-7] INFO  auth.rest.config.LoggerFilter - Headers: org.springframework.security.web.firewall.StrictHttpFirewall$StrictFirewalledRequest$2@2fb84e89
2023-03-02 08:42:00 [http-nio-8080-exec-7] INFO  auth.rest.config.LoggerFilter - Responded with status: 403
2023-03-02 08:42:00 [http-nio-8080-exec-7] INFO  auth.rest.config.LoggerFilter - Headers: [Set-Cookie, X-Content-Type-Options, X-XSS-Protection, Cache-Control, Pragma, Expires, X-Frame-Options]
2023-03-02 08:42:08 [http-nio-8080-exec-8] INFO  auth.rest.config.LoggerFilter - doFilterInternal
2023-03-02 08:42:08 [http-nio-8080-exec-8] INFO  auth.rest.config.LoggerFilter - Received request from: admin
2023-03-02 08:42:08 [http-nio-8080-exec-8] INFO  auth.rest.config.LoggerFilter - Method: GET
2023-03-02 08:42:08 [http-nio-8080-exec-8] INFO  auth.rest.config.LoggerFilter - URL: http://localhost:8080/user/dtotest
2023-03-02 08:42:08 [http-nio-8080-exec-8] INFO  auth.rest.config.LoggerFilter - Headers: org.springframework.security.web.firewall.StrictHttpFirewall$StrictFirewalledRequest$2@15708561
2023-03-02 08:43:37 [main] INFO  auth.rest.RestApplication - Starting RestApplication using Java 17.0.6 on mtza with PID 20492 (C:\Users\mtza\OneDrive - Software Mind sp. z o.o\rest\target\classes started by mtza in C:\Users\mtza\OneDrive - Software Mind sp. z o.o\rest)
2023-03-02 08:43:37 [main] DEBUG auth.rest.RestApplication - Running with Spring Boot v2.7.9, Spring v5.3.25
2023-03-02 08:43:37 [main] INFO  auth.rest.RestApplication - No active profile set, falling back to 1 default profile: "default"
2023-03-02 08:43:38 [main] DEBUG auth.rest.config.LoggerFilter - Filter 'loggerFilter' configured for use
2023-03-02 08:43:39 [main] INFO  a.rest.config.AuthenticationConfig - AuthenitcationProvider
2023-03-02 08:43:39 [main] INFO  a.rest.config.AuthenticationConfig - UserDetailsService
2023-03-02 08:43:40 [main] INFO  auth.rest.config.SecurityConfig - Security filter chain
2023-03-02 08:43:40 [main] INFO  auth.rest.RestApplication - Started RestApplication in 3.346 seconds (JVM running for 3.979)
2023-03-02 08:43:43 [http-nio-8080-exec-1] INFO  auth.rest.config.LoggerFilter - doFilterInternal
2023-03-02 08:43:43 [http-nio-8080-exec-1] INFO  auth.rest.config.LoggerFilter - Received request from: unknown
2023-03-02 08:43:43 [http-nio-8080-exec-1] INFO  auth.rest.config.LoggerFilter - Method: GET
2023-03-02 08:43:43 [http-nio-8080-exec-1] INFO  auth.rest.config.LoggerFilter - URL: http://localhost:8080/user/dtotest
2023-03-02 08:43:43 [http-nio-8080-exec-1] INFO  auth.rest.config.LoggerFilter - Headers: org.springframework.security.web.firewall.StrictHttpFirewall$StrictFirewalledRequest$2@3a195e3f
2023-03-02 08:44:05 [http-nio-8080-exec-4] INFO  auth.rest.config.LoggerFilter - doFilterInternal
2023-03-02 08:44:05 [http-nio-8080-exec-4] INFO  auth.rest.config.LoggerFilter - Received request from: mati
2023-03-02 08:44:05 [http-nio-8080-exec-4] INFO  auth.rest.config.LoggerFilter - Method: GET
2023-03-02 08:44:05 [http-nio-8080-exec-4] INFO  auth.rest.config.LoggerFilter - URL: http://localhost:8080/user/dtotest
2023-03-02 08:44:05 [http-nio-8080-exec-4] INFO  auth.rest.config.LoggerFilter - Headers: org.springframework.security.web.firewall.StrictHttpFirewall$StrictFirewalledRequest$2@6007bbc4
2023-03-02 09:14:18 [main] INFO  auth.rest.RestApplication - Starting RestApplication using Java 17.0.6 on mtza with PID 7568 (C:\Users\mtza\OneDrive - Software Mind sp. z o.o\rest\target\classes started by mtza in C:\Users\mtza\OneDrive - Software Mind sp. z o.o\rest)
2023-03-02 09:14:18 [main] DEBUG auth.rest.RestApplication - Running with Spring Boot v2.7.9, Spring v5.3.25
2023-03-02 09:14:18 [main] INFO  auth.rest.RestApplication - No active profile set, falling back to 1 default profile: "default"
2023-03-02 09:14:19 [main] DEBUG auth.rest.config.LoggerFilter - Filter 'loggerFilter' configured for use
2023-03-02 09:14:21 [main] INFO  a.rest.config.AuthenticationConfig - AuthenitcationProvider
2023-03-02 09:14:21 [main] INFO  a.rest.config.AuthenticationConfig - UserDetailsService
2023-03-02 09:14:21 [main] INFO  auth.rest.config.SecurityConfig - Security filter chain
2023-03-02 09:14:21 [main] INFO  auth.rest.RestApplication - Started RestApplication in 3.112 seconds (JVM running for 3.745)
2023-03-02 09:14:55 [main] INFO  auth.rest.RestApplication - Starting RestApplication using Java 17.0.6 on mtza with PID 12552 (C:\Users\mtza\OneDrive - Software Mind sp. z o.o\rest\target\classes started by mtza in C:\Users\mtza\OneDrive - Software Mind sp. z o.o\rest)
2023-03-02 09:14:55 [main] DEBUG auth.rest.RestApplication - Running with Spring Boot v2.7.9, Spring v5.3.25
2023-03-02 09:14:55 [main] INFO  auth.rest.RestApplication - No active profile set, falling back to 1 default profile: "default"
2023-03-02 09:14:56 [main] DEBUG auth.rest.config.LoggerFilter - Filter 'loggerFilter' configured for use
2023-03-02 09:14:58 [main] INFO  a.rest.config.AuthenticationConfig - AuthenitcationProvider
2023-03-02 09:14:58 [main] INFO  a.rest.config.AuthenticationConfig - UserDetailsService
2023-03-02 09:14:58 [main] INFO  auth.rest.config.SecurityConfig - Security filter chain
2023-03-02 09:14:58 [main] INFO  auth.rest.RestApplication - Started RestApplication in 3.42 seconds (JVM running for 4.283)
2023-03-02 09:15:08 [http-nio-8080-exec-3] INFO  auth.rest.config.LoggerFilter - doFilterInternal
2023-03-02 09:15:08 [http-nio-8080-exec-3] INFO  auth.rest.config.LoggerFilter - Received request from: unknown
2023-03-02 09:15:08 [http-nio-8080-exec-3] INFO  auth.rest.config.LoggerFilter - Method: GET
2023-03-02 09:15:08 [http-nio-8080-exec-3] INFO  auth.rest.config.LoggerFilter - URL: http://localhost:8080/user/test
2023-03-02 09:15:08 [http-nio-8080-exec-3] INFO  auth.rest.config.LoggerFilter - Headers: org.springframework.security.web.firewall.StrictHttpFirewall$StrictFirewalledRequest$2@24f0311
2023-03-02 09:15:35 [main] INFO  auth.rest.RestApplication - Starting RestApplication using Java 17.0.6 on mtza with PID 13380 (C:\Users\mtza\OneDrive - Software Mind sp. z o.o\rest\target\classes started by mtza in C:\Users\mtza\OneDrive - Software Mind sp. z o.o\rest)
2023-03-02 09:15:35 [main] DEBUG auth.rest.RestApplication - Running with Spring Boot v2.7.9, Spring v5.3.25
2023-03-02 09:15:35 [main] INFO  auth.rest.RestApplication - No active profile set, falling back to 1 default profile: "default"
2023-03-02 09:15:36 [main] DEBUG auth.rest.config.LoggerFilter - Filter 'loggerFilter' configured for use
2023-03-02 09:15:37 [main] INFO  a.rest.config.AuthenticationConfig - AuthenitcationProvider
2023-03-02 09:15:37 [main] INFO  a.rest.config.AuthenticationConfig - UserDetailsService
2023-03-02 09:15:37 [main] INFO  auth.rest.config.SecurityConfig - Security filter chain
2023-03-02 09:15:37 [main] INFO  auth.rest.RestApplication - Started RestApplication in 2.964 seconds (JVM running for 3.541)
2023-03-02 09:15:40 [http-nio-8080-exec-1] INFO  auth.rest.config.LoggerFilter - doFilterInternal
2023-03-02 09:15:40 [http-nio-8080-exec-1] INFO  auth.rest.config.LoggerFilter - Received request from: unknown
2023-03-02 09:15:40 [http-nio-8080-exec-1] INFO  auth.rest.config.LoggerFilter - Method: GET
2023-03-02 09:15:40 [http-nio-8080-exec-1] INFO  auth.rest.config.LoggerFilter - URL: http://localhost:8080/user/test
2023-03-02 09:15:40 [http-nio-8080-exec-1] INFO  auth.rest.config.LoggerFilter - Headers: org.springframework.security.web.firewall.StrictHttpFirewall$StrictFirewalledRequest$2@500bea48
2023-03-02 09:15:40 [http-nio-8080-exec-1] INFO  auth.rest.config.LoggerFilter - Responded with status: 200
2023-03-02 09:15:40 [http-nio-8080-exec-1] INFO  auth.rest.config.LoggerFilter - Headers: [Set-Cookie, X-Content-Type-Options, X-XSS-Protection, Cache-Control, Pragma, Expires, X-Frame-Options, Content-Type, Content-Length, Date, Keep-Alive, Connection]
2023-03-02 09:17:11 [main] INFO  auth.rest.RestApplication - Starting RestApplication using Java 17.0.6 on mtza with PID 18248 (C:\Users\mtza\OneDrive - Software Mind sp. z o.o\rest\target\classes started by mtza in C:\Users\mtza\OneDrive - Software Mind sp. z o.o\rest)
2023-03-02 09:17:11 [main] DEBUG auth.rest.RestApplication - Running with Spring Boot v2.7.9, Spring v5.3.25
2023-03-02 09:17:11 [main] INFO  auth.rest.RestApplication - No active profile set, falling back to 1 default profile: "default"
2023-03-02 09:17:12 [main] DEBUG auth.rest.config.LoggerFilter - Filter 'loggerFilter' configured for use
2023-03-02 09:17:13 [main] INFO  a.rest.config.AuthenticationConfig - AuthenitcationProvider
2023-03-02 09:17:13 [main] INFO  a.rest.config.AuthenticationConfig - UserDetailsService
2023-03-02 09:17:13 [main] INFO  auth.rest.config.SecurityConfig - Security filter chain
2023-03-02 09:17:14 [main] INFO  auth.rest.RestApplication - Started RestApplication in 3.326 seconds (JVM running for 3.906)
2023-03-02 09:17:16 [http-nio-8080-exec-1] INFO  auth.rest.config.LoggerFilter - doFilterInternal
2023-03-02 09:17:16 [http-nio-8080-exec-1] INFO  auth.rest.config.LoggerFilter - Received request from: unknown
2023-03-02 09:17:16 [http-nio-8080-exec-1] INFO  auth.rest.config.LoggerFilter - Method: GET
2023-03-02 09:17:16 [http-nio-8080-exec-1] INFO  auth.rest.config.LoggerFilter - URL: http://localhost:8080/user/test
2023-03-02 09:17:16 [http-nio-8080-exec-1] INFO  auth.rest.config.LoggerFilter - Headers: org.springframework.security.web.firewall.StrictHttpFirewall$StrictFirewalledRequest$2@5cb3c9da
2023-03-02 09:17:51 [main] INFO  auth.rest.RestApplication - Starting RestApplication using Java 17.0.6 on mtza with PID 2152 (C:\Users\mtza\OneDrive - Software Mind sp. z o.o\rest\target\classes started by mtza in C:\Users\mtza\OneDrive - Software Mind sp. z o.o\rest)
2023-03-02 09:17:51 [main] DEBUG auth.rest.RestApplication - Running with Spring Boot v2.7.9, Spring v5.3.25
2023-03-02 09:17:51 [main] INFO  auth.rest.RestApplication - No active profile set, falling back to 1 default profile: "default"
2023-03-02 09:17:52 [main] DEBUG auth.rest.config.LoggerFilter - Filter 'loggerFilter' configured for use
2023-03-02 09:17:53 [main] INFO  a.rest.config.AuthenticationConfig - AuthenitcationProvider
2023-03-02 09:17:53 [main] INFO  a.rest.config.AuthenticationConfig - UserDetailsService
2023-03-02 09:17:53 [main] INFO  auth.rest.config.SecurityConfig - Security filter chain
2023-03-02 09:17:53 [main] INFO  auth.rest.RestApplication - Started RestApplication in 3.061 seconds (JVM running for 3.655)
2023-03-02 09:17:56 [http-nio-8080-exec-1] INFO  auth.rest.config.LoggerFilter - doFilterInternal
2023-03-02 09:17:56 [http-nio-8080-exec-1] INFO  auth.rest.config.LoggerFilter - Received request from: unknown
2023-03-02 09:17:56 [http-nio-8080-exec-1] INFO  auth.rest.config.LoggerFilter - Method: GET
2023-03-02 09:17:56 [http-nio-8080-exec-1] INFO  auth.rest.config.LoggerFilter - URL: http://localhost:8080/user/test
2023-03-02 09:17:56 [http-nio-8080-exec-1] INFO  auth.rest.config.LoggerFilter - Headers: org.springframework.security.web.firewall.StrictHttpFirewall$StrictFirewalledRequest$2@763c51c7
2023-03-02 09:18:10 [http-nio-8080-exec-3] INFO  auth.rest.config.LoggerFilter - doFilterInternal
2023-03-02 09:18:10 [http-nio-8080-exec-3] INFO  auth.rest.config.LoggerFilter - Received request from: mati
2023-03-02 09:18:10 [http-nio-8080-exec-3] INFO  auth.rest.config.LoggerFilter - Method: GET
2023-03-02 09:18:10 [http-nio-8080-exec-3] INFO  auth.rest.config.LoggerFilter - URL: http://localhost:8080/user/test
2023-03-02 09:18:10 [http-nio-8080-exec-3] INFO  auth.rest.config.LoggerFilter - Headers: org.springframework.security.web.firewall.StrictHttpFirewall$StrictFirewalledRequest$2@459a64fb
2023-03-02 09:18:16 [http-nio-8080-exec-6] INFO  auth.rest.config.LoggerFilter - doFilterInternal
2023-03-02 09:18:16 [http-nio-8080-exec-6] INFO  auth.rest.config.LoggerFilter - Received request from: mati
2023-03-02 09:18:16 [http-nio-8080-exec-6] INFO  auth.rest.config.LoggerFilter - Method: GET
2023-03-02 09:18:16 [http-nio-8080-exec-6] INFO  auth.rest.config.LoggerFilter - URL: http://localhost:8080/user/test
2023-03-02 09:18:16 [http-nio-8080-exec-6] INFO  auth.rest.config.LoggerFilter - Headers: org.springframework.security.web.firewall.StrictHttpFirewall$StrictFirewalledRequest$2@228f5f10
2023-03-02 09:18:44 [main] INFO  auth.rest.RestApplication - Starting RestApplication using Java 17.0.6 on mtza with PID 10492 (C:\Users\mtza\OneDrive - Software Mind sp. z o.o\rest\target\classes started by mtza in C:\Users\mtza\OneDrive - Software Mind sp. z o.o\rest)
2023-03-02 09:18:44 [main] DEBUG auth.rest.RestApplication - Running with Spring Boot v2.7.9, Spring v5.3.25
2023-03-02 09:18:44 [main] INFO  auth.rest.RestApplication - No active profile set, falling back to 1 default profile: "default"
2023-03-02 09:18:45 [main] DEBUG auth.rest.config.LoggerFilter - Filter 'loggerFilter' configured for use
2023-03-02 09:18:47 [main] INFO  a.rest.config.AuthenticationConfig - AuthenitcationProvider
2023-03-02 09:18:47 [main] INFO  a.rest.config.AuthenticationConfig - UserDetailsService
2023-03-02 09:18:47 [main] INFO  auth.rest.config.SecurityConfig - Security filter chain
2023-03-02 09:18:47 [main] INFO  auth.rest.RestApplication - Started RestApplication in 3.704 seconds (JVM running for 4.898)
2023-03-02 09:18:50 [http-nio-8080-exec-1] INFO  auth.rest.config.LoggerFilter - doFilterInternal
2023-03-02 09:18:50 [http-nio-8080-exec-1] INFO  auth.rest.config.LoggerFilter - Received request from: unknown
2023-03-02 09:18:50 [http-nio-8080-exec-1] INFO  auth.rest.config.LoggerFilter - Method: GET
2023-03-02 09:18:50 [http-nio-8080-exec-1] INFO  auth.rest.config.LoggerFilter - URL: http://localhost:8080/user/test
2023-03-02 09:18:50 [http-nio-8080-exec-1] INFO  auth.rest.config.LoggerFilter - Headers: org.springframework.security.web.firewall.StrictHttpFirewall$StrictFirewalledRequest$2@54573dfb
2023-03-02 09:19:31 [main] INFO  auth.rest.RestApplication - Starting RestApplication using Java 17.0.6 on mtza with PID 14936 (C:\Users\mtza\OneDrive - Software Mind sp. z o.o\rest\target\classes started by mtza in C:\Users\mtza\OneDrive - Software Mind sp. z o.o\rest)
2023-03-02 09:19:31 [main] DEBUG auth.rest.RestApplication - Running with Spring Boot v2.7.9, Spring v5.3.25
2023-03-02 09:19:31 [main] INFO  auth.rest.RestApplication - No active profile set, falling back to 1 default profile: "default"
2023-03-02 09:19:32 [main] DEBUG auth.rest.config.LoggerFilter - Filter 'loggerFilter' configured for use
2023-03-02 09:19:33 [main] INFO  a.rest.config.AuthenticationConfig - AuthenitcationProvider
2023-03-02 09:19:33 [main] INFO  a.rest.config.AuthenticationConfig - UserDetailsService
2023-03-02 09:19:33 [main] INFO  auth.rest.config.SecurityConfig - Security filter chain
2023-03-02 09:19:34 [main] INFO  auth.rest.RestApplication - Started RestApplication in 3.297 seconds (JVM running for 4.214)
2023-03-02 09:19:37 [http-nio-8080-exec-1] INFO  auth.rest.config.LoggerFilter - doFilterInternal
2023-03-02 09:19:37 [http-nio-8080-exec-1] INFO  auth.rest.config.LoggerFilter - Received request from: unknown
2023-03-02 09:19:37 [http-nio-8080-exec-1] INFO  auth.rest.config.LoggerFilter - Method: GET
2023-03-02 09:19:37 [http-nio-8080-exec-1] INFO  auth.rest.config.LoggerFilter - URL: http://localhost:8080/user/test
2023-03-02 09:19:37 [http-nio-8080-exec-1] INFO  auth.rest.config.LoggerFilter - Headers: org.springframework.security.web.firewall.StrictHttpFirewall$StrictFirewalledRequest$2@46e1a185
2023-03-02 09:19:53 [main] INFO  auth.rest.RestApplication - Starting RestApplication using Java 17.0.6 on mtza with PID 7528 (C:\Users\mtza\OneDrive - Software Mind sp. z o.o\rest\target\classes started by mtza in C:\Users\mtza\OneDrive - Software Mind sp. z o.o\rest)
2023-03-02 09:19:53 [main] DEBUG auth.rest.RestApplication - Running with Spring Boot v2.7.9, Spring v5.3.25
2023-03-02 09:19:53 [main] INFO  auth.rest.RestApplication - No active profile set, falling back to 1 default profile: "default"
2023-03-02 09:19:55 [main] DEBUG auth.rest.config.LoggerFilter - Filter 'loggerFilter' configured for use
2023-03-02 09:19:56 [main] INFO  a.rest.config.AuthenticationConfig - AuthenitcationProvider
2023-03-02 09:19:56 [main] INFO  a.rest.config.AuthenticationConfig - UserDetailsService
2023-03-02 09:19:56 [main] INFO  auth.rest.config.SecurityConfig - Security filter chain
2023-03-02 09:19:57 [main] INFO  auth.rest.RestApplication - Started RestApplication in 3.527 seconds (JVM running for 4.322)
2023-03-02 09:19:57 [http-nio-8080-exec-2] INFO  auth.rest.config.LoggerFilter - doFilterInternal
2023-03-02 09:19:57 [http-nio-8080-exec-2] INFO  auth.rest.config.LoggerFilter - Received request from: unknown
2023-03-02 09:19:57 [http-nio-8080-exec-2] INFO  auth.rest.config.LoggerFilter - Method: GET
2023-03-02 09:19:57 [http-nio-8080-exec-2] INFO  auth.rest.config.LoggerFilter - URL: http://localhost:8080/user/test
2023-03-02 09:19:57 [http-nio-8080-exec-2] INFO  auth.rest.config.LoggerFilter - Headers: org.springframework.security.web.firewall.StrictHttpFirewall$StrictFirewalledRequest$2@5bb2ba2d
2023-03-02 09:20:48 [main] INFO  auth.rest.RestApplication - Starting RestApplication using Java 17.0.6 on mtza with PID 17932 (C:\Users\mtza\OneDrive - Software Mind sp. z o.o\rest\target\classes started by mtza in C:\Users\mtza\OneDrive - Software Mind sp. z o.o\rest)
2023-03-02 09:20:48 [main] DEBUG auth.rest.RestApplication - Running with Spring Boot v2.7.9, Spring v5.3.25
2023-03-02 09:20:48 [main] INFO  auth.rest.RestApplication - No active profile set, falling back to 1 default profile: "default"
2023-03-02 09:20:49 [main] DEBUG auth.rest.config.LoggerFilter - Filter 'loggerFilter' configured for use
2023-03-02 09:20:50 [main] INFO  a.rest.config.AuthenticationConfig - AuthenitcationProvider
2023-03-02 09:20:50 [main] INFO  a.rest.config.AuthenticationConfig - UserDetailsService
2023-03-02 09:20:50 [main] INFO  auth.rest.config.SecurityConfig - Security filter chain
2023-03-02 09:20:51 [main] INFO  auth.rest.RestApplication - Started RestApplication in 3.357 seconds (JVM running for 4.394)
2023-03-02 09:20:54 [http-nio-8080-exec-1] INFO  auth.rest.config.LoggerFilter - doFilterInternal
2023-03-02 09:20:54 [http-nio-8080-exec-1] INFO  auth.rest.config.LoggerFilter - Received request from: unknown
2023-03-02 09:20:54 [http-nio-8080-exec-1] INFO  auth.rest.config.LoggerFilter - Method: GET
2023-03-02 09:20:54 [http-nio-8080-exec-1] INFO  auth.rest.config.LoggerFilter - URL: http://localhost:8080/user/test
2023-03-02 09:20:54 [http-nio-8080-exec-1] INFO  auth.rest.config.LoggerFilter - Headers: org.springframework.security.web.firewall.StrictHttpFirewall$StrictFirewalledRequest$2@61a195ff
2023-03-02 09:21:32 [main] INFO  auth.rest.RestApplication - Starting RestApplication using Java 17.0.6 on mtza with PID 10276 (C:\Users\mtza\OneDrive - Software Mind sp. z o.o\rest\target\classes started by mtza in C:\Users\mtza\OneDrive - Software Mind sp. z o.o\rest)
2023-03-02 09:21:32 [main] DEBUG auth.rest.RestApplication - Running with Spring Boot v2.7.9, Spring v5.3.25
2023-03-02 09:21:32 [main] INFO  auth.rest.RestApplication - No active profile set, falling back to 1 default profile: "default"
2023-03-02 09:21:34 [main] DEBUG auth.rest.config.LoggerFilter - Filter 'loggerFilter' configured for use
2023-03-02 09:21:35 [main] INFO  a.rest.config.AuthenticationConfig - AuthenitcationProvider
2023-03-02 09:21:35 [main] INFO  a.rest.config.AuthenticationConfig - UserDetailsService
2023-03-02 09:21:35 [main] INFO  auth.rest.config.SecurityConfig - Security filter chain
2023-03-02 09:21:35 [main] INFO  auth.rest.RestApplication - Started RestApplication in 3.4 seconds (JVM running for 4.172)
2023-03-02 09:21:37 [http-nio-8080-exec-1] INFO  auth.rest.config.LoggerFilter - doFilterInternal
2023-03-02 09:21:37 [http-nio-8080-exec-1] INFO  auth.rest.config.LoggerFilter - Received request from: unknown
2023-03-02 09:21:37 [http-nio-8080-exec-1] INFO  auth.rest.config.LoggerFilter - Method: GET
2023-03-02 09:21:37 [http-nio-8080-exec-1] INFO  auth.rest.config.LoggerFilter - URL: http://localhost:8080/user/test
2023-03-02 09:21:37 [http-nio-8080-exec-1] INFO  auth.rest.config.LoggerFilter - Headers: org.springframework.security.web.firewall.StrictHttpFirewall$StrictFirewalledRequest$2@37e7b586
2023-03-02 09:22:19 [main] INFO  auth.rest.RestApplication - Starting RestApplication using Java 17.0.6 on mtza with PID 1292 (C:\Users\mtza\OneDrive - Software Mind sp. z o.o\rest\target\classes started by mtza in C:\Users\mtza\OneDrive - Software Mind sp. z o.o\rest)
2023-03-02 09:22:19 [main] DEBUG auth.rest.RestApplication - Running with Spring Boot v2.7.9, Spring v5.3.25
2023-03-02 09:22:19 [main] INFO  auth.rest.RestApplication - No active profile set, falling back to 1 default profile: "default"
2023-03-02 09:22:20 [main] DEBUG auth.rest.config.LoggerFilter - Filter 'loggerFilter' configured for use
2023-03-02 09:22:22 [main] INFO  a.rest.config.AuthenticationConfig - AuthenitcationProvider
2023-03-02 09:22:22 [main] INFO  a.rest.config.AuthenticationConfig - UserDetailsService
2023-03-02 09:22:22 [main] INFO  auth.rest.config.SecurityConfig - Security filter chain
2023-03-02 09:22:22 [main] INFO  auth.rest.RestApplication - Started RestApplication in 3.508 seconds (JVM running for 4.242)
2023-03-02 09:23:03 [main] INFO  auth.rest.RestApplication - Starting RestApplication using Java 17.0.6 on mtza with PID 21108 (C:\Users\mtza\OneDrive - Software Mind sp. z o.o\rest\target\classes started by mtza in C:\Users\mtza\OneDrive - Software Mind sp. z o.o\rest)
2023-03-02 09:23:03 [main] DEBUG auth.rest.RestApplication - Running with Spring Boot v2.7.9, Spring v5.3.25
2023-03-02 09:23:03 [main] INFO  auth.rest.RestApplication - No active profile set, falling back to 1 default profile: "default"
2023-03-02 09:23:04 [main] DEBUG auth.rest.config.LoggerFilter - Filter 'loggerFilter' configured for use
2023-03-02 09:23:06 [main] INFO  a.rest.config.AuthenticationConfig - AuthenitcationProvider
2023-03-02 09:23:06 [main] INFO  a.rest.config.AuthenticationConfig - UserDetailsService
2023-03-02 09:23:06 [main] INFO  auth.rest.config.SecurityConfig - Security filter chain
2023-03-02 09:23:06 [main] INFO  auth.rest.RestApplication - Started RestApplication in 3.492 seconds (JVM running for 4.226)
2023-03-02 09:23:08 [main] INFO  auth.rest.RestApplication - Starting RestApplication using Java 17.0.6 on mtza with PID 7228 (C:\Users\mtza\OneDrive - Software Mind sp. z o.o\rest\target\classes started by mtza in C:\Users\mtza\OneDrive - Software Mind sp. z o.o\rest)
2023-03-02 09:23:08 [main] DEBUG auth.rest.RestApplication - Running with Spring Boot v2.7.9, Spring v5.3.25
2023-03-02 09:23:08 [main] INFO  auth.rest.RestApplication - No active profile set, falling back to 1 default profile: "default"
2023-03-02 09:23:09 [main] DEBUG auth.rest.config.LoggerFilter - Filter 'loggerFilter' configured for use
2023-03-02 09:23:11 [main] INFO  a.rest.config.AuthenticationConfig - AuthenitcationProvider
2023-03-02 09:23:11 [main] INFO  a.rest.config.AuthenticationConfig - UserDetailsService
2023-03-02 09:23:11 [main] INFO  auth.rest.config.SecurityConfig - Security filter chain
2023-03-02 09:23:11 [main] INFO  auth.rest.RestApplication - Started RestApplication in 3.246 seconds (JVM running for 3.952)
2023-03-02 09:24:16 [http-nio-8080-exec-2] INFO  auth.rest.config.LoggerFilter - doFilterInternal
2023-03-02 09:24:16 [http-nio-8080-exec-2] INFO  auth.rest.config.LoggerFilter - Received request from: unknown
2023-03-02 09:24:16 [http-nio-8080-exec-2] INFO  auth.rest.config.LoggerFilter - Method: GET
2023-03-02 09:24:16 [http-nio-8080-exec-2] INFO  auth.rest.config.LoggerFilter - URL: http://localhost:8080/user/notest
2023-03-02 09:24:16 [http-nio-8080-exec-2] INFO  auth.rest.config.LoggerFilter - Headers: org.springframework.security.web.firewall.StrictHttpFirewall$StrictFirewalledRequest$2@40706b58
2023-03-02 09:34:27 [http-nio-8080-exec-2] INFO  a.rest.controller.AuthorController - /user/dto[auth.rest.domain.Author@1fab375d, auth.rest.domain.Author@704ce832, auth.rest.domain.Author@107d70d2]
2023-03-02 09:34:27 [http-nio-8080-exec-2] INFO  auth.rest.config.LoggerFilter - Responded with status: 200
2023-03-02 09:34:27 [http-nio-8080-exec-2] INFO  auth.rest.config.LoggerFilter - Headers: [Set-Cookie, X-Content-Type-Options, X-XSS-Protection, Cache-Control, Pragma, Expires, X-Frame-Options, Content-Type, Transfer-Encoding, Date, Keep-Alive, Connection]
2023-03-02 09:36:38 [main] INFO  auth.rest.RestApplication - Starting RestApplication using Java 17.0.6 on mtza with PID 12648 (C:\Users\mtza\OneDrive - Software Mind sp. z o.o\rest\target\classes started by mtza in C:\Users\mtza\OneDrive - Software Mind sp. z o.o\rest)
2023-03-02 09:36:38 [main] DEBUG auth.rest.RestApplication - Running with Spring Boot v2.7.9, Spring v5.3.25
2023-03-02 09:36:38 [main] INFO  auth.rest.RestApplication - No active profile set, falling back to 1 default profile: "default"
2023-03-02 09:36:39 [main] DEBUG auth.rest.config.LoggerFilter - Filter 'loggerFilter' configured for use
2023-03-02 09:37:02 [main] INFO  auth.rest.RestApplication - Starting RestApplication using Java 17.0.6 on mtza with PID 16872 (C:\Users\mtza\OneDrive - Software Mind sp. z o.o\rest\target\classes started by mtza in C:\Users\mtza\OneDrive - Software Mind sp. z o.o\rest)
2023-03-02 09:37:02 [main] DEBUG auth.rest.RestApplication - Running with Spring Boot v2.7.9, Spring v5.3.25
2023-03-02 09:37:02 [main] INFO  auth.rest.RestApplication - No active profile set, falling back to 1 default profile: "default"
2023-03-02 09:37:03 [main] DEBUG auth.rest.config.LoggerFilter - Filter 'loggerFilter' configured for use
2023-03-02 09:38:20 [main] INFO  auth.rest.RestApplication - Starting RestApplication using Java 17.0.6 on mtza with PID 12984 (C:\Users\mtza\OneDrive - Software Mind sp. z o.o\rest\target\classes started by mtza in C:\Users\mtza\OneDrive - Software Mind sp. z o.o\rest)
2023-03-02 09:38:20 [main] DEBUG auth.rest.RestApplication - Running with Spring Boot v2.7.9, Spring v5.3.25
2023-03-02 09:38:20 [main] INFO  auth.rest.RestApplication - No active profile set, falling back to 1 default profile: "default"
2023-03-02 09:38:22 [main] DEBUG auth.rest.config.LoggerFilter - Filter 'loggerFilter' configured for use
2023-03-02 09:38:23 [main] INFO  a.rest.config.AuthenticationConfig - AuthenitcationProvider
2023-03-02 09:38:23 [main] INFO  a.rest.config.AuthenticationConfig - UserDetailsService
2023-03-02 09:38:23 [main] INFO  auth.rest.config.SecurityConfig - Security filter chain
2023-03-02 09:38:23 [main] INFO  auth.rest.RestApplication - Started RestApplication in 3.163 seconds (JVM running for 3.754)
2023-03-02 09:38:29 [http-nio-8080-exec-1] INFO  auth.rest.config.LoggerFilter - doFilterInternal
2023-03-02 09:38:29 [http-nio-8080-exec-1] INFO  auth.rest.config.LoggerFilter - Received request from: unknown
2023-03-02 09:38:29 [http-nio-8080-exec-1] INFO  auth.rest.config.LoggerFilter - Method: GET
2023-03-02 09:38:29 [http-nio-8080-exec-1] INFO  auth.rest.config.LoggerFilter - URL: http://localhost:8080/user/notest
2023-03-02 09:38:29 [http-nio-8080-exec-1] INFO  auth.rest.config.LoggerFilter - Headers: org.springframework.security.web.firewall.StrictHttpFirewall$StrictFirewalledRequest$2@37a2015a
2023-03-02 09:38:29 [http-nio-8080-exec-1] INFO  a.rest.controller.AuthorController - /user/dto[auth.rest.domain.Author@783ea16d, auth.rest.domain.Author@496aa4ca, auth.rest.domain.Author@5e8196cc]
2023-03-02 09:38:30 [http-nio-8080-exec-1] INFO  auth.rest.config.LoggerFilter - Responded with status: 200
2023-03-02 09:38:30 [http-nio-8080-exec-1] INFO  auth.rest.config.LoggerFilter - Headers: [Set-Cookie, X-Content-Type-Options, X-XSS-Protection, Cache-Control, Pragma, Expires, X-Frame-Options, Content-Type, Transfer-Encoding, Date, Keep-Alive, Connection]
2023-03-02 09:39:13 [http-nio-8080-exec-8] INFO  auth.rest.config.LoggerFilter - doFilterInternal
2023-03-02 09:39:13 [http-nio-8080-exec-8] INFO  auth.rest.config.LoggerFilter - Received request from: mati
2023-03-02 09:39:13 [http-nio-8080-exec-8] INFO  auth.rest.config.LoggerFilter - Method: GET
2023-03-02 09:39:13 [http-nio-8080-exec-8] INFO  auth.rest.config.LoggerFilter - URL: http://localhost:8080/user/dtotest
2023-03-02 09:39:13 [http-nio-8080-exec-8] INFO  auth.rest.config.LoggerFilter - Headers: org.springframework.security.web.firewall.StrictHttpFirewall$StrictFirewalledRequest$2@3854122a
2023-03-02 09:39:13 [http-nio-8080-exec-8] INFO  a.rest.controller.AuthorController - /user/dto[AuthorDTO(id=1, surname=Zak, books=[auth.rest.domain.Book@3f5649cd, auth.rest.domain.Book@4889ff06]), AuthorDTO(id=2, surname=Zaczur, books=[auth.rest.domain.Book@2f77a942, auth.rest.domain.Book@b03662b, auth.rest.domain.Book@399f1be6, auth.rest.domain.Book@510423cf]), AuthorDTO(id=3, surname=Zakowski, books=[auth.rest.domain.Book@af9b910, auth.rest.domain.Book@4bf8cba2])]
2023-03-02 09:39:13 [http-nio-8080-exec-8] INFO  auth.rest.config.LoggerFilter - Responded with status: 200
2023-03-02 09:39:13 [http-nio-8080-exec-8] INFO  auth.rest.config.LoggerFilter - Headers: [X-Content-Type-Options, X-XSS-Protection, Cache-Control, Pragma, Expires, X-Frame-Options, Content-Type, Transfer-Encoding, Date, Keep-Alive, Connection]
2023-03-02 09:39:33 [http-nio-8080-exec-4] INFO  auth.rest.config.LoggerFilter - doFilterInternal
2023-03-02 09:39:33 [http-nio-8080-exec-4] INFO  auth.rest.config.LoggerFilter - Received request from: mati
2023-03-02 09:39:33 [http-nio-8080-exec-4] INFO  auth.rest.config.LoggerFilter - Method: GET
2023-03-02 09:39:33 [http-nio-8080-exec-4] INFO  auth.rest.config.LoggerFilter - URL: http://localhost:8080/user/notest
2023-03-02 09:39:33 [http-nio-8080-exec-4] INFO  auth.rest.config.LoggerFilter - Headers: org.springframework.security.web.firewall.StrictHttpFirewall$StrictFirewalledRequest$2@14d24650
2023-03-02 09:39:33 [http-nio-8080-exec-4] INFO  a.rest.controller.AuthorController - /user/dto[auth.rest.domain.Author@2535cf41, auth.rest.domain.Author@3b075fce, auth.rest.domain.Author@128bf0c1]
2023-03-02 09:39:33 [http-nio-8080-exec-4] INFO  auth.rest.config.LoggerFilter - Responded with status: 200
2023-03-02 09:39:33 [http-nio-8080-exec-4] INFO  auth.rest.config.LoggerFilter - Headers: [X-Content-Type-Options, X-XSS-Protection, Cache-Control, Pragma, Expires, X-Frame-Options, Content-Type, Transfer-Encoding, Date, Keep-Alive, Connection]
2023-03-02 09:39:41 [http-nio-8080-exec-6] INFO  auth.rest.config.LoggerFilter - doFilterInternal
2023-03-02 09:39:41 [http-nio-8080-exec-6] INFO  auth.rest.config.LoggerFilter - Received request from: mati
2023-03-02 09:39:41 [http-nio-8080-exec-6] INFO  auth.rest.config.LoggerFilter - Method: GET
2023-03-02 09:39:41 [http-nio-8080-exec-6] INFO  auth.rest.config.LoggerFilter - URL: http://localhost:8080/user/dtotest
2023-03-02 09:39:41 [http-nio-8080-exec-6] INFO  auth.rest.config.LoggerFilter - Headers: org.springframework.security.web.firewall.StrictHttpFirewall$StrictFirewalledRequest$2@7d0115f5
2023-03-02 09:39:41 [http-nio-8080-exec-6] INFO  a.rest.controller.AuthorController - /user/dto[AuthorDTO(id=1, surname=Zak, books=[auth.rest.domain.Book@2ec71422, auth.rest.domain.Book@307ac600]), AuthorDTO(id=2, surname=Zaczur, books=[auth.rest.domain.Book@34c318e3, auth.rest.domain.Book@64b03457, auth.rest.domain.Book@469eafd9, auth.rest.domain.Book@537e6c01]), AuthorDTO(id=3, surname=Zakowski, books=[auth.rest.domain.Book@26bb3cf9, auth.rest.domain.Book@70f91f05])]
2023-03-02 09:39:41 [http-nio-8080-exec-6] INFO  auth.rest.config.LoggerFilter - Responded with status: 200
2023-03-02 09:39:41 [http-nio-8080-exec-6] INFO  auth.rest.config.LoggerFilter - Headers: [X-Content-Type-Options, X-XSS-Protection, Cache-Control, Pragma, Expires, X-Frame-Options, Content-Type, Transfer-Encoding, Date, Keep-Alive, Connection]
2023-03-02 09:41:47 [main] INFO  auth.rest.RestApplication - Starting RestApplication using Java 17.0.6 on mtza with PID 10852 (C:\Users\mtza\OneDrive - Software Mind sp. z o.o\rest\target\classes started by mtza in C:\Users\mtza\OneDrive - Software Mind sp. z o.o\rest)
2023-03-02 09:41:47 [main] DEBUG auth.rest.RestApplication - Running with Spring Boot v2.7.9, Spring v5.3.25
2023-03-02 09:41:47 [main] INFO  auth.rest.RestApplication - No active profile set, falling back to 1 default profile: "default"
2023-03-02 09:41:48 [main] DEBUG auth.rest.config.LoggerFilter - Filter 'loggerFilter' configured for use
2023-03-02 09:41:49 [main] INFO  a.rest.config.AuthenticationConfig - AuthenitcationProvider
2023-03-02 09:41:49 [main] INFO  a.rest.config.AuthenticationConfig - UserDetailsService
2023-03-02 09:41:50 [main] INFO  auth.rest.config.SecurityConfig - Security filter chain
2023-03-02 09:41:50 [main] INFO  auth.rest.RestApplication - Started RestApplication in 3.301 seconds (JVM running for 4.022)
2023-03-02 09:42:03 [main] INFO  auth.rest.RestApplication - Starting RestApplication using Java 17.0.6 on mtza with PID 15612 (C:\Users\mtza\OneDrive - Software Mind sp. z o.o\rest\target\classes started by mtza in C:\Users\mtza\OneDrive - Software Mind sp. z o.o\rest)
2023-03-02 09:42:03 [main] DEBUG auth.rest.RestApplication - Running with Spring Boot v2.7.9, Spring v5.3.25
2023-03-02 09:42:03 [main] INFO  auth.rest.RestApplication - No active profile set, falling back to 1 default profile: "default"
2023-03-02 09:42:04 [main] DEBUG auth.rest.config.LoggerFilter - Filter 'loggerFilter' configured for use
2023-03-02 09:42:05 [main] INFO  a.rest.config.AuthenticationConfig - AuthenitcationProvider
2023-03-02 09:42:05 [main] INFO  a.rest.config.AuthenticationConfig - UserDetailsService
2023-03-02 09:42:05 [main] INFO  auth.rest.config.SecurityConfig - Security filter chain
2023-03-02 09:42:05 [main] INFO  auth.rest.RestApplication - Started RestApplication in 3.204 seconds (JVM running for 3.885)
2023-03-02 09:42:14 [main] INFO  auth.rest.RestApplication - Starting RestApplication using Java 17.0.6 on mtza with PID 10764 (C:\Users\mtza\OneDrive - Software Mind sp. z o.o\rest\target\classes started by mtza in C:\Users\mtza\OneDrive - Software Mind sp. z o.o\rest)
2023-03-02 09:42:14 [main] DEBUG auth.rest.RestApplication - Running with Spring Boot v2.7.9, Spring v5.3.25
2023-03-02 09:42:14 [main] INFO  auth.rest.RestApplication - No active profile set, falling back to 1 default profile: "default"
2023-03-02 09:42:15 [main] DEBUG auth.rest.config.LoggerFilter - Filter 'loggerFilter' configured for use
2023-03-02 09:42:17 [main] INFO  a.rest.config.AuthenticationConfig - AuthenitcationProvider
2023-03-02 09:42:17 [main] INFO  a.rest.config.AuthenticationConfig - UserDetailsService
2023-03-02 09:42:17 [main] INFO  auth.rest.config.SecurityConfig - Security filter chain
2023-03-02 09:42:17 [main] INFO  auth.rest.RestApplication - Started RestApplication in 3.335 seconds (JVM running for 4.022)
2023-03-02 09:42:23 [main] INFO  auth.rest.RestApplication - Starting RestApplication using Java 17.0.6 on mtza with PID 14404 (C:\Users\mtza\OneDrive - Software Mind sp. z o.o\rest\target\classes started by mtza in C:\Users\mtza\OneDrive - Software Mind sp. z o.o\rest)
2023-03-02 09:42:23 [main] DEBUG auth.rest.RestApplication - Running with Spring Boot v2.7.9, Spring v5.3.25
2023-03-02 09:42:23 [main] INFO  auth.rest.RestApplication - No active profile set, falling back to 1 default profile: "default"
2023-03-02 09:42:24 [main] DEBUG auth.rest.config.LoggerFilter - Filter 'loggerFilter' configured for use
2023-03-02 09:42:26 [main] INFO  a.rest.config.AuthenticationConfig - AuthenitcationProvider
2023-03-02 09:42:26 [main] INFO  a.rest.config.AuthenticationConfig - UserDetailsService
2023-03-02 09:42:26 [main] INFO  auth.rest.config.SecurityConfig - Security filter chain
2023-03-02 09:42:26 [main] INFO  auth.rest.RestApplication - Started RestApplication in 3.386 seconds (JVM running for 4.058)
2023-03-02 09:42:34 [main] INFO  auth.rest.RestApplication - Starting RestApplication using Java 17.0.6 on mtza with PID 15428 (C:\Users\mtza\OneDrive - Software Mind sp. z o.o\rest\target\classes started by mtza in C:\Users\mtza\OneDrive - Software Mind sp. z o.o\rest)
2023-03-02 09:42:34 [main] DEBUG auth.rest.RestApplication - Running with Spring Boot v2.7.9, Spring v5.3.25
2023-03-02 09:42:34 [main] INFO  auth.rest.RestApplication - No active profile set, falling back to 1 default profile: "default"
2023-03-02 09:42:35 [main] DEBUG auth.rest.config.LoggerFilter - Filter 'loggerFilter' configured for use
2023-03-02 09:42:36 [main] INFO  a.rest.config.AuthenticationConfig - AuthenitcationProvider
2023-03-02 09:42:36 [main] INFO  a.rest.config.AuthenticationConfig - UserDetailsService
2023-03-02 09:42:36 [main] INFO  auth.rest.config.SecurityConfig - Security filter chain
2023-03-02 09:42:37 [main] INFO  auth.rest.RestApplication - Started RestApplication in 3.125 seconds (JVM running for 3.666)
2023-03-02 09:42:40 [http-nio-8080-exec-3] INFO  auth.rest.config.LoggerFilter - doFilterInternal
2023-03-02 09:42:40 [http-nio-8080-exec-3] INFO  auth.rest.config.LoggerFilter - Received request from: unknown
2023-03-02 09:42:40 [http-nio-8080-exec-3] INFO  auth.rest.config.LoggerFilter - Method: GET
2023-03-02 09:42:40 [http-nio-8080-exec-3] INFO  auth.rest.config.LoggerFilter - URL: http://localhost:8080/user/dto
2023-03-02 09:42:40 [http-nio-8080-exec-3] INFO  auth.rest.config.LoggerFilter - Headers: org.springframework.security.web.firewall.StrictHttpFirewall$StrictFirewalledRequest$2@3ace410c
2023-03-02 09:42:41 [http-nio-8080-exec-3] INFO  auth.rest.config.LoggerFilter - Responded with status: 200
2023-03-02 09:42:41 [http-nio-8080-exec-3] INFO  auth.rest.config.LoggerFilter - Headers: [Set-Cookie, X-Content-Type-Options, X-XSS-Protection, Cache-Control, Pragma, Expires, X-Frame-Options, Content-Type, Transfer-Encoding, Date, Keep-Alive, Connection]
2023-03-02 09:42:47 [http-nio-8080-exec-2] INFO  auth.rest.config.LoggerFilter - doFilterInternal
2023-03-02 09:42:47 [http-nio-8080-exec-2] INFO  auth.rest.config.LoggerFilter - Received request from: mati
2023-03-02 09:42:47 [http-nio-8080-exec-2] INFO  auth.rest.config.LoggerFilter - Method: GET
2023-03-02 09:42:47 [http-nio-8080-exec-2] INFO  auth.rest.config.LoggerFilter - URL: http://localhost:8080/user/nodto
2023-03-02 09:42:47 [http-nio-8080-exec-2] INFO  auth.rest.config.LoggerFilter - Headers: org.springframework.security.web.firewall.StrictHttpFirewall$StrictFirewalledRequest$2@3c807de
2023-03-02 09:42:47 [http-nio-8080-exec-2] INFO  auth.rest.config.LoggerFilter - Responded with status: 200
2023-03-02 09:42:47 [http-nio-8080-exec-2] INFO  auth.rest.config.LoggerFilter - Headers: [X-Content-Type-Options, X-XSS-Protection, Cache-Control, Pragma, Expires, X-Frame-Options, Content-Type, Transfer-Encoding, Date, Keep-Alive, Connection]
2023-03-02 10:22:07 [main] INFO  auth.rest.RestApplication - Starting RestApplication using Java 17.0.6 on mtza with PID 7376 (C:\Users\mtza\OneDrive - Software Mind sp. z o.o\rest\target\classes started by mtza in C:\Users\mtza\OneDrive - Software Mind sp. z o.o\rest)
2023-03-02 10:22:07 [main] DEBUG auth.rest.RestApplication - Running with Spring Boot v2.7.9, Spring v5.3.25
2023-03-02 10:22:07 [main] INFO  auth.rest.RestApplication - No active profile set, falling back to 1 default profile: "default"
2023-03-02 10:22:08 [main] DEBUG auth.rest.config.LoggerFilter - Filter 'loggerFilter' configured for use
2023-03-02 10:22:09 [main] INFO  a.rest.config.AuthenticationConfig - AuthenitcationProvider
2023-03-02 10:22:09 [main] INFO  a.rest.config.AuthenticationConfig - UserDetailsService
2023-03-02 10:22:10 [main] INFO  auth.rest.config.SecurityConfig - Security filter chain
2023-03-02 10:22:10 [main] INFO  auth.rest.RestApplication - Started RestApplication in 3.283 seconds (JVM running for 4.083)
2023-03-02 10:22:13 [http-nio-8080-exec-1] INFO  auth.rest.config.LoggerFilter - doFilterInternal
2023-03-02 10:22:13 [http-nio-8080-exec-1] INFO  auth.rest.config.LoggerFilter - Received request from: unknown
2023-03-02 10:22:13 [http-nio-8080-exec-1] INFO  auth.rest.config.LoggerFilter - Method: GET
2023-03-02 10:22:13 [http-nio-8080-exec-1] INFO  auth.rest.config.LoggerFilter - URL: http://localhost:8080/user/book/dto
2023-03-02 10:22:13 [http-nio-8080-exec-1] INFO  auth.rest.config.LoggerFilter - Headers: org.springframework.security.web.firewall.StrictHttpFirewall$StrictFirewalledRequest$2@1a9af39c
2023-03-02 10:22:13 [http-nio-8080-exec-1] INFO  auth.rest.config.LoggerFilter - Responded with status: 200
2023-03-02 10:22:13 [http-nio-8080-exec-1] INFO  auth.rest.config.LoggerFilter - Headers: [Set-Cookie, X-Content-Type-Options, X-XSS-Protection, Cache-Control, Pragma, Expires, X-Frame-Options, Content-Type, Transfer-Encoding, Date, Keep-Alive, Connection]
2023-03-02 11:34:26 [http-nio-8080-exec-8] INFO  auth.rest.config.LoggerFilter - doFilterInternal
2023-03-02 11:34:26 [http-nio-8080-exec-8] INFO  auth.rest.config.LoggerFilter - Received request from: unknown
2023-03-02 11:34:26 [http-nio-8080-exec-8] INFO  auth.rest.config.LoggerFilter - Method: GET
2023-03-02 11:34:26 [http-nio-8080-exec-8] INFO  auth.rest.config.LoggerFilter - URL: http://localhost:8080/user/user
2023-03-02 11:34:26 [http-nio-8080-exec-8] INFO  auth.rest.config.LoggerFilter - Headers: org.springframework.security.web.firewall.StrictHttpFirewall$StrictFirewalledRequest$2@ff0ba40
2023-03-02 11:34:26 [http-nio-8080-exec-8] INFO  auth.rest.config.LoggerFilter - Responded with status: 302
2023-03-02 11:34:26 [http-nio-8080-exec-8] INFO  auth.rest.config.LoggerFilter - Headers: [Set-Cookie, X-Content-Type-Options, X-XSS-Protection, Cache-Control, Pragma, Expires, X-Frame-Options, Location]
2023-03-02 11:34:26 [http-nio-8080-exec-9] INFO  auth.rest.config.LoggerFilter - doFilterInternal
2023-03-02 11:34:26 [http-nio-8080-exec-9] INFO  auth.rest.config.LoggerFilter - Received request from: unknown
2023-03-02 11:34:26 [http-nio-8080-exec-9] INFO  auth.rest.config.LoggerFilter - Method: GET
2023-03-02 11:34:26 [http-nio-8080-exec-9] INFO  auth.rest.config.LoggerFilter - URL: http://localhost:8080/login
2023-03-02 11:34:26 [http-nio-8080-exec-9] INFO  auth.rest.config.LoggerFilter - Headers: org.springframework.security.web.firewall.StrictHttpFirewall$StrictFirewalledRequest$2@50617709
2023-03-02 11:34:26 [http-nio-8080-exec-9] INFO  auth.rest.config.LoggerFilter - Responded with status: 200
2023-03-02 11:34:26 [http-nio-8080-exec-9] INFO  auth.rest.config.LoggerFilter - Headers: [X-Content-Type-Options, X-XSS-Protection, Cache-Control, Pragma, Expires, X-Frame-Options]
2023-03-02 13:58:04 [main] INFO  auth.rest.RestApplicationTests - Starting RestApplicationTests using Java 17.0.6 on mtza with PID 17600 (started by mtza in C:\Users\mtza\OneDrive - Software Mind sp. z o.o\rest)
2023-03-02 13:58:04 [main] DEBUG auth.rest.RestApplicationTests - Running with Spring Boot v2.7.9, Spring v5.3.25
2023-03-02 13:58:04 [main] INFO  auth.rest.RestApplicationTests - No active profile set, falling back to 1 default profile: "default"
2023-03-02 13:58:08 [main] INFO  a.rest.config.AuthenticationConfig - AuthenitcationProvider
2023-03-02 13:58:08 [main] INFO  a.rest.config.AuthenticationConfig - UserDetailsService
2023-03-02 13:58:08 [main] INFO  auth.rest.config.SecurityConfig - Security filter chain
2023-03-02 13:58:09 [main] INFO  auth.rest.RestApplicationTests - Started RestApplicationTests in 4.451 seconds (JVM running for 6.318)
2023-03-02 13:58:38 [main] INFO  auth.rest.RestApplicationTests - Starting RestApplicationTests using Java 17.0.6 on mtza with PID 12352 (started by mtza in C:\Users\mtza\OneDrive - Software Mind sp. z o.o\rest)
2023-03-02 13:58:38 [main] DEBUG auth.rest.RestApplicationTests - Running with Spring Boot v2.7.9, Spring v5.3.25
2023-03-02 13:58:38 [main] INFO  auth.rest.RestApplicationTests - No active profile set, falling back to 1 default profile: "default"
2023-03-02 13:58:43 [main] INFO  a.rest.config.AuthenticationConfig - AuthenitcationProvider
2023-03-02 13:58:43 [main] INFO  a.rest.config.AuthenticationConfig - UserDetailsService
2023-03-02 13:58:43 [main] INFO  auth.rest.config.SecurityConfig - Security filter chain
2023-03-02 13:58:44 [main] INFO  auth.rest.RestApplicationTests - Started RestApplicationTests in 5.905 seconds (JVM running for 9.045)
2023-03-02 14:05:33 [main] INFO  a.r.controller.AuthorControllerTest - Starting AuthorControllerTest using Java 17.0.6 on mtza with PID 984 (started by mtza in C:\Users\mtza\OneDrive - Software Mind sp. z o.o\rest)
2023-03-02 14:05:33 [main] DEBUG a.r.controller.AuthorControllerTest - Running with Spring Boot v2.7.9, Spring v5.3.25
2023-03-02 14:05:33 [main] INFO  a.r.controller.AuthorControllerTest - No active profile set, falling back to 1 default profile: "default"
2023-03-02 14:05:36 [main] INFO  a.rest.config.AuthenticationConfig - AuthenitcationProvider
2023-03-02 14:05:36 [main] INFO  a.rest.config.AuthenticationConfig - UserDetailsService
2023-03-02 14:05:36 [main] INFO  auth.rest.config.SecurityConfig - Security filter chain
2023-03-02 14:05:37 [main] INFO  a.r.controller.AuthorControllerTest - Started AuthorControllerTest in 4.507 seconds (JVM running for 5.598)
2023-03-02 14:06:13 [main] INFO  a.r.controller.AuthorControllerTest - Starting AuthorControllerTest using Java 17.0.6 on mtza with PID 18124 (started by mtza in C:\Users\mtza\OneDrive - Software Mind sp. z o.o\rest)
2023-03-02 14:06:13 [main] DEBUG a.r.controller.AuthorControllerTest - Running with Spring Boot v2.7.9, Spring v5.3.25
2023-03-02 14:06:13 [main] INFO  a.r.controller.AuthorControllerTest - No active profile set, falling back to 1 default profile: "default"
2023-03-02 14:06:16 [main] INFO  a.rest.config.AuthenticationConfig - AuthenitcationProvider
2023-03-02 14:06:16 [main] INFO  a.rest.config.AuthenticationConfig - UserDetailsService
2023-03-02 14:06:16 [main] INFO  auth.rest.config.SecurityConfig - Security filter chain
2023-03-02 14:06:18 [main] INFO  a.r.controller.AuthorControllerTest - Started AuthorControllerTest in 4.822 seconds (JVM running for 5.982)
2023-03-02 14:14:59 [main] INFO  a.r.controller.AuthorControllerTest - Starting AuthorControllerTest using Java 17.0.6 on mtza with PID 2956 (started by mtza in C:\Users\mtza\OneDrive - Software Mind sp. z o.o\rest)
2023-03-02 14:14:59 [main] DEBUG a.r.controller.AuthorControllerTest - Running with Spring Boot v2.7.9, Spring v5.3.25
2023-03-02 14:14:59 [main] INFO  a.r.controller.AuthorControllerTest - No active profile set, falling back to 1 default profile: "default"
2023-03-02 14:15:02 [main] INFO  a.rest.config.AuthenticationConfig - AuthenitcationProvider
2023-03-02 14:15:02 [main] INFO  a.rest.config.AuthenticationConfig - UserDetailsService
2023-03-02 14:15:02 [main] INFO  auth.rest.config.SecurityConfig - Security filter chain
2023-03-02 14:15:03 [main] INFO  a.r.controller.AuthorControllerTest - Started AuthorControllerTest in 4.336 seconds (JVM running for 5.486)
2023-03-02 14:25:32 [main] INFO  a.r.controller.AuthorControllerTest - Starting AuthorControllerTest using Java 17.0.6 on mtza with PID 16196 (started by mtza in C:\Users\mtza\OneDrive - Software Mind sp. z o.o\rest)
2023-03-02 14:25:32 [main] DEBUG a.r.controller.AuthorControllerTest - Running with Spring Boot v2.7.9, Spring v5.3.25
2023-03-02 14:25:32 [main] INFO  a.r.controller.AuthorControllerTest - No active profile set, falling back to 1 default profile: "default"
2023-03-02 14:25:36 [main] INFO  a.rest.config.AuthenticationConfig - AuthenitcationProvider
2023-03-02 14:25:36 [main] INFO  a.rest.config.AuthenticationConfig - UserDetailsService
2023-03-02 14:25:36 [main] INFO  auth.rest.config.SecurityConfig - Security filter chain
2023-03-02 14:25:37 [main] INFO  a.r.controller.AuthorControllerTest - Started AuthorControllerTest in 4.885 seconds (JVM running for 5.958)
2023-03-02 14:44:22 [main] INFO  a.r.controller.AuthorControllerTest - Starting AuthorControllerTest using Java 17.0.6 on mtza with PID 14676 (started by mtza in C:\Users\mtza\OneDrive - Software Mind sp. z o.o\rest)
2023-03-02 14:44:22 [main] DEBUG a.r.controller.AuthorControllerTest - Running with Spring Boot v2.7.9, Spring v5.3.25
2023-03-02 14:44:22 [main] INFO  a.r.controller.AuthorControllerTest - No active profile set, falling back to 1 default profile: "default"
